{"C:\\Users\\admin\\Documents\\npm\\npm-publish-rollup-boilerplate\\src\\Hello.tsx": {"path":"C:\\Users\\admin\\Documents\\npm\\npm-publish-rollup-boilerplate\\src\\Hello.tsx","statementMap":{"0":{"start":{"line":1,"column":0},"end":{"line":1,"column":51}},"1":{"start":{"line":4,"column":21},"end":{"line":10,"column":1}},"2":{"start":{"line":5,"column":28},"end":{"line":5,"column":48}},"3":{"start":{"line":5,"column":14},"end":{"line":5,"column":16}},"4":{"start":{"line":5,"column":24},"end":{"line":5,"column":28}},"5":{"start":{"line":6,"column":2},"end":{"line":8,"column":9}},"6":{"start":{"line":7,"column":4},"end":{"line":7,"column":22}},"7":{"start":{"line":9,"column":2},"end":{"line":9,"column":36}},"8":{"start":{"line":4,"column":13},"end":{"line":4,"column":21}}},"fnMap":{"0":{"name":"(anonymous_6)","decl":{"start":{"line":4,"column":21},"end":{"line":4,"column":null}},"loc":{"start":{"line":4,"column":21},"end":{"line":10,"column":1}}},"1":{"name":"(anonymous_7)","decl":{"start":{"line":6,"column":12},"end":{"line":6,"column":null}},"loc":{"start":{"line":6,"column":12},"end":{"line":8,"column":3}}}},"branchMap":{},"s":{"0":1,"1":1,"2":1,"3":1,"4":1,"5":1,"6":0,"7":1,"8":1},"f":{"0":1,"1":0},"b":{}}
}
